Watching for file changes with StatReloader
[30/Apr/2026 09:03:52] "GET /api/statistics/ HTTP/1.1" 200 2721
[30/Apr/2026 09:03:54] "GET /api/filters/ HTTP/1.1" 200 28909
[30/Apr/2026 09:03:54] "GET /api/map-data/ HTTP/1.1" 200 13608
[30/Apr/2026 09:03:54,565] - Broken pipe from ('127.0.0.1', 54054)
[30/Apr/2026 09:06:43] "OPTIONS /api/map-data/?min_lat=-87.762707867907&max_lat=67.92701364017225&min_lng=-179.81269510926117&max_lng=176.44120707596258&zoom=1 HTTP/1.1" 200 0
[30/Apr/2026 09:06:43] "OPTIONS /api/province-humidity/ HTTP/1.1" 200 0
[30/Apr/2026 09:06:43] "OPTIONS /api/province-temperature/ HTTP/1.1" 200 0
[30/Apr/2026 09:06:43] "OPTIONS /api/province-precipitation/ HTTP/1.1" 200 0
[30/Apr/2026 09:06:43] "OPTIONS /api/province-weighted-severity/ HTTP/1.1" 200 0
[30/Apr/2026 09:06:45] "GET /api/province-weighted-severity/ HTTP/1.1" 200 2449
[30/Apr/2026 09:06:45] "GET /api/province-precipitation/ HTTP/1.1" 200 2
[30/Apr/2026 09:06:45] "GET /api/province-temperature/ HTTP/1.1" 200 2
[30/Apr/2026 09:06:45] "GET /api/province-humidity/ HTTP/1.1" 200 2
[30/Apr/2026 09:06:45] "GET /api/map-data/?min_lat=-87.762707867907&max_lat=67.92701364017225&min_lng=-179.81269510926117&max_lng=176.44120707596258&zoom=1 HTTP/1.1" 200 7417
[30/Apr/2026 09:06:49] "OPTIONS /api/map-data/?min_lat=-9.294499089753202&max_lat=4.728919739713471&min_lng=101.71272413793103&max_lng=133.28727586206895&zoom=1 HTTP/1.1" 200 0
[30/Apr/2026 09:06:49] "GET /api/map-data/?min_lat=-9.294499089753202&max_lat=4.728919739713471&min_lng=101.71272413793103&max_lng=133.28727586206895&zoom=1 HTTP/1.1" 200 5329
[30/Apr/2026 09:06:52] "OPTIONS /api/map-data/?min_lat=-12.918009295672544&max_lat=7.35213144532762&min_lng=96.33993103989324&max_lng=142.12303103989325&zoom=1 HTTP/1.1" 200 0
[30/Apr/2026 09:06:52] "GET /api/map-data/?min_lat=-12.918009295672544&max_lat=7.35213144532762&min_lng=96.33993103989324&max_lng=142.12303103989325&zoom=1 HTTP/1.1" 200 7404
[30/Apr/2026 09:06:54] "OPTIONS /api/map-data/?min_lat=-12.376808668034997&max_lat=6.911138368987776&min_lng=98.35453550123954&max_lng=141.89553787021853&zoom=1 HTTP/1.1" 200 0
[30/Apr/2026 09:06:54] "GET /api/map-data/?min_lat=-12.376808668034997&max_lat=6.911138368987776&min_lng=98.35453550123954&max_lng=141.89553787021853&zoom=1 HTTP/1.1" 200 7200
[30/Apr/2026 09:06:56] "OPTIONS /api/map-data/?min_lat=-12.918004139772409&max_lat=7.352136691616512&min_lng=96.33992575011393&max_lng=142.12302575011395&zoom=1 HTTP/1.1" 200 0
[30/Apr/2026 09:06:57] "GET /api/map-data/?min_lat=-12.918004139772409&max_lat=7.352136691616512&min_lng=96.33992575011393&max_lng=142.12302575011395&zoom=1 HTTP/1.1" 200 7404
[30/Apr/2026 09:07:00] "OPTIONS /api/map-data/?min_lat=-8.940967781394015&max_lat=1.204160542995504&min_lng=111.30937651621818&max_lng=134.15851027840458&zoom=2 HTTP/1.1" 200 0
[30/Apr/2026 09:07:01] "GET /api/map-data/?min_lat=-8.940967781394015&max_lat=1.204160542995504&min_lng=111.30937651621818&max_lng=134.15851027840458&zoom=2 HTTP/1.1" 200 3926
[30/Apr/2026 09:07:05] "OPTIONS /api/map-data/?min_lat=-13.924134491454561&max_lat=6.32511664774374&min_lng=102.96102897358303&max_lng=148.74412897358303&zoom=1 HTTP/1.1" 200 0
[30/Apr/2026 09:07:05] "GET /api/map-data/?min_lat=-13.924134491454561&max_lat=6.32511664774374&min_lng=102.96102897358303&max_lng=148.74412897358303&zoom=1 HTTP/1.1" 200 6712
[30/Apr/2026 09:07:08] "OPTIONS /api/map-data/?min_lat=-10.107388766910265&max_lat=-3.3578806807925985&min_lng=112.27335832398732&max_lng=127.53439165732064&zoom=3 HTTP/1.1" 200 0
[30/Apr/2026 09:07:09] "GET /api/map-data/?min_lat=-10.107388766910265&max_lat=-3.3578806807925985&min_lng=112.27335832398732&max_lng=127.53439165732064&zoom=3 HTTP/1.1" 200 3265
[30/Apr/2026 09:07:11] "OPTIONS /api/map-data/?min_lat=-10.505468682543066&max_lat=-6.470781693381468&min_lng=113.916454466667&max_lng=123.07307446666701&zoom=5 HTTP/1.1" 200 0
[30/Apr/2026 09:07:12] "GET /api/map-data/?min_lat=-10.505468682543066&max_lat=-6.470781693381468&min_lng=113.916454466667&max_lng=123.07307446666701&zoom=5 HTTP/1.1" 200 2531
[30/Apr/2026 09:07:15] "OPTIONS /api/map-data/?min_lat=-10.365874405652816&max_lat=-7.487026122894331&min_lng=113.62081257142854&max_lng=120.16125542857141&zoom=7 HTTP/1.1" 200 0
[30/Apr/2026 09:07:16] "GET /api/map-data/?min_lat=-10.365874405652816&max_lat=-7.487026122894331&min_lng=113.62081257142854&max_lng=120.16125542857141&zoom=7 HTTP/1.1" 200 31847
[30/Apr/2026 09:07:18] "OPTIONS /api/map-detail/bcaa9686-fcd0-4dcb-80d7-5c8e4b562152/ HTTP/1.1" 200 0
[30/Apr/2026 09:07:18] "GET /api/map-detail/bcaa9686-fcd0-4dcb-80d7-5c8e4b562152/ HTTP/1.1" 200 1958
[30/Apr/2026 09:07:35] "OPTIONS /api/filters/ HTTP/1.1" 200 0
[30/Apr/2026 09:07:35] "OPTIONS /api/statistics/ HTTP/1.1" 200 0
[30/Apr/2026 09:07:35] "OPTIONS /expert-feature/experts/batches/ HTTP/1.1" 200 0
[30/Apr/2026 09:07:35] "OPTIONS /api/statistics/ HTTP/1.1" 200 0
[30/Apr/2026 09:07:35] "GET /api/statistics/ HTTP/1.1" 200 2721
[30/Apr/2026 09:07:35] "GET /expert-feature/experts/batches/ HTTP/1.1" 200 2
[30/Apr/2026 09:07:35] "GET /api/filters/ HTTP/1.1" 200 28909
[30/Apr/2026 09:07:35] "GET /api/statistics/ HTTP/1.1" 200 2721
[30/Apr/2026 09:07:40] "GET /api/map-data/?min_lat=-9.294499089753202&max_lat=4.728919739713471&min_lng=101.71272413793103&max_lng=133.28727586206895&zoom=1 HTTP/1.1" 200 5329
[30/Apr/2026 09:07:42] "GET /api/statistics/ HTTP/1.1" 200 2721
[30/Apr/2026 09:07:42] "GET /api/statistics/ HTTP/1.1" 200 2721
[30/Apr/2026 09:07:50] "OPTIONS /api/diseases/severity-stats/ HTTP/1.1" 200 0
[30/Apr/2026 09:07:50] "OPTIONS /api/locations/province/severity-stats/ HTTP/1.1" 200 0
[30/Apr/2026 09:07:50] "OPTIONS /api/locations/city/severity-stats/ HTTP/1.1" 200 0
[30/Apr/2026 09:07:50] "GET /api/diseases/severity-stats/ HTTP/1.1" 200 3123
[30/Apr/2026 09:07:50] "GET /api/locations/province/severity-stats/ HTTP/1.1" 200 5567
[30/Apr/2026 09:07:50] "GET /api/locations/city/severity-stats/ HTTP/1.1" 200 50746
[30/Apr/2026 09:09:12] "GET /api/statistics/ HTTP/1.1" 200 2721
[30/Apr/2026 09:09:12] "GET /api/statistics/ HTTP/1.1" 200 2721
[30/Apr/2026 09:09:49] "GET /api/map-data/?min_lat=-9.294499089753202&max_lat=4.728919739713471&min_lng=101.71272413793103&max_lng=133.28727586206895&zoom=1 HTTP/1.1" 200 5329
[30/Apr/2026 09:09:54] "OPTIONS /api/map-data/?min_lat=-14.29749779501902&max_lat=5.942340861587788&min_lng=96.14671856333865&max_lng=141.92981856333867&zoom=1 HTTP/1.1" 200 0
[30/Apr/2026 09:09:54] "GET /api/map-data/?min_lat=-14.29749779501902&max_lat=5.942340861587788&min_lng=96.14671856333865&max_lng=141.92981856333867&zoom=1 HTTP/1.1" 200 7410
[30/Apr/2026 09:10:03] "OPTIONS /api/map-data/?min_lat=-9.431400566353217&max_lat=0.665928342634606&min_lng=105.13114044852354&max_lng=127.88714306987275&zoom=2 HTTP/1.1" 200 0
[30/Apr/2026 09:10:03] "GET /api/map-data/?min_lat=-9.431400566353217&max_lat=0.665928342634606&min_lng=105.13114044852354&max_lng=127.88714306987275&zoom=2 HTTP/1.1" 200 3940
[30/Apr/2026 09:10:05] "OPTIONS /api/map-data/?min_lat=-4.529663311913462&max_lat=0.5507712693438475&min_lng=109.26590341200473&max_lng=120.67769094260532&zoom=4 HTTP/1.1" 200 0
[30/Apr/2026 09:10:05] "GET /api/map-data/?min_lat=-4.529663311913462&max_lat=0.5507712693438475&min_lng=109.26590341200473&max_lng=120.67769094260532&zoom=4 HTTP/1.1" 200 4179
[30/Apr/2026 09:10:08] "OPTIONS /api/map-data/?min_lat=-4.620735509083664&max_lat=-1.2321860039734465&min_lng=111.26141100151372&max_lng=118.87680715977629&zoom=6 HTTP/1.1" 200 0
[30/Apr/2026 09:10:08] "GET /api/map-data/?min_lat=-4.620735509083664&max_lat=-1.2321860039734465&min_lng=111.26141100151372&max_lng=118.87680715977629&zoom=6 HTTP/1.1" 200 2553
[30/Apr/2026 09:10:11] "OPTIONS /api/map-data/?min_lat=-4.728982019814098&max_lat=-2.1836745205102184&min_lng=111.81239547222201&max_lng=117.53528297222202&zoom=8 HTTP/1.1" 200 0
[30/Apr/2026 09:10:11] "GET /api/map-data/?min_lat=-4.728982019814098&max_lat=-2.1836745205102184&min_lng=111.81239547222201&max_lng=117.53528297222202&zoom=8 HTTP/1.1" 200 14333
[30/Apr/2026 09:10:13] "OPTIONS /api/map-detail/dd20ecd2-9584-41d3-a5dd-fb7a19fdac58/ HTTP/1.1" 200 0
[30/Apr/2026 09:10:13] "GET /api/map-detail/dd20ecd2-9584-41d3-a5dd-fb7a19fdac58/ HTTP/1.1" 200 1251
[30/Apr/2026 09:10:22] "OPTIONS /api/map-detail/edd89767-643a-4030-962a-180d64318b5c/ HTTP/1.1" 200 0
[30/Apr/2026 09:10:23] "GET /api/map-detail/edd89767-643a-4030-962a-180d64318b5c/ HTTP/1.1" 200 2326
[30/Apr/2026 09:10:43] "OPTIONS /api/map-detail/928f22ff-18d7-49a0-bee3-48488ec1ff48/ HTTP/1.1" 200 0
[30/Apr/2026 09:10:44] "GET /api/map-detail/928f22ff-18d7-49a0-bee3-48488ec1ff48/ HTTP/1.1" 200 2440
[30/Apr/2026 09:10:51] "OPTIONS /api/map-detail/f32b207a-f98a-452b-a433-8ed00c101135/ HTTP/1.1" 200 0
[30/Apr/2026 09:10:52] "GET /api/map-detail/f32b207a-f98a-452b-a433-8ed00c101135/ HTTP/1.1" 200 1678
[30/Apr/2026 09:10:57] "OPTIONS /api/map-data/?min_lat=-7.3407094542978415&max_lat=0.0225225668716823&min_lng=108.26121184393605&max_lng=124.83052601691169&zoom=3 HTTP/1.1" 200 0
[30/Apr/2026 09:10:57] "GET /api/map-data/?min_lat=-7.3407094542978415&max_lat=0.0225225668716823&min_lng=108.26121184393605&max_lng=124.83052601691169&zoom=3 HTTP/1.1" 200 3299
[30/Apr/2026 09:11:04] "OPTIONS /api/map-data/?min_lat=-9.081794549765965&max_lat=-1.7364013092065154&min_lng=105.73941768895006&max_lng=122.30873186192568&zoom=3 HTTP/1.1" 200 0
[30/Apr/2026 09:11:04] "GET /api/map-data/?min_lat=-9.081794549765965&max_lat=-1.7364013092065154&min_lng=105.73941768895006&max_lng=122.30873186192568&zoom=3 HTTP/1.1" 200 4001
[30/Apr/2026 09:11:07] "OPTIONS /api/map-data/?min_lat=-6.506248612566589&max_lat=0.8630879758694183&min_lng=101.3544422854277&max_lng=117.92375645840333&zoom=3 HTTP/1.1" 200 0
[30/Apr/2026 09:11:07] "GET /api/map-data/?min_lat=-6.506248612566589&max_lat=0.8630879758694183&min_lng=101.3544422854277&max_lng=117.92375645840333&zoom=3 HTTP/1.1" 200 4340
[30/Apr/2026 09:11:08] "OPTIONS /api/map-data/?min_lat=-5.092341764509009&max_lat=2.283733003984981&min_lng=99.51725891478497&max_lng=116.0865730877606&zoom=3 HTTP/1.1" 200 0
[30/Apr/2026 09:11:09] "GET /api/map-data/?min_lat=-5.092341764509009&max_lat=2.283733003984981&min_lng=99.51725891478497&max_lng=116.0865730877606&zoom=3 HTTP/1.1" 200 3496
[30/Apr/2026 09:11:13] "OPTIONS /api/map-data/?min_lat=-10.508019765500926&max_lat=8.975497716611457&min_lng=86.13264209274746&max_lng=130.0724240344243&zoom=1 HTTP/1.1" 200 0
[30/Apr/2026 09:11:13] "GET /api/map-data/?min_lat=-10.508019765500926&max_lat=8.975497716611457&min_lng=86.13264209274746&max_lng=130.0724240344243&zoom=1 HTTP/1.1" 200 6039
[30/Apr/2026 09:11:17] "OPTIONS /api/map-data/?min_lat=1.8632058189949934&max_lat=8.53838972169472&min_lng=88.55060168742594&max_lng=103.60117282051048&zoom=3 HTTP/1.1" 200 0
[30/Apr/2026 09:11:17] "GET /api/map-data/?min_lat=1.8632058189949934&max_lat=8.53838972169472&min_lng=88.55060168742594&max_lng=103.60117282051048&zoom=3 HTTP/1.1" 200 1143
[30/Apr/2026 09:11:23] "OPTIONS /api/map-data/?min_lat=4.981869490999293&max_lat=5.67605121498014&min_lng=94.87743729920275&max_lng=96.44204445266931&zoom=29 HTTP/1.1" 200 0
[30/Apr/2026 09:11:23] "GET /api/map-data/?min_lat=4.981869490999293&max_lat=5.67605121498014&min_lng=94.87743729920275&max_lng=96.44204445266931&zoom=29 HTTP/1.1" 200 5165
[30/Apr/2026 09:11:26] "OPTIONS /api/map-detail/a3931d85-87e3-43b1-b0f6-6fffa5b8fbcd/ HTTP/1.1" 200 0
[30/Apr/2026 09:11:27] "GET /api/map-detail/a3931d85-87e3-43b1-b0f6-6fffa5b8fbcd/ HTTP/1.1" 200 1202
[30/Apr/2026 09:11:40] "OPTIONS /api/map-data/?min_lat=4.3244709246516475&max_lat=6.189355436486173&min_lng=93.42995738522512&max_lng=97.63286920554134&zoom=11 HTTP/1.1" 200 0
[30/Apr/2026 09:11:41] "GET /api/map-data/?min_lat=4.3244709246516475&max_lat=6.189355436486173&min_lng=93.42995738522512&max_lng=97.63286920554134&zoom=11 HTTP/1.1" 200 14401
[30/Apr/2026 09:11:41] "OPTIONS /api/map-detail/afa59d3d-dfd0-493e-b963-72edbaba7aa6/ HTTP/1.1" 200 0
[30/Apr/2026 09:11:43] "GET /api/map-detail/afa59d3d-dfd0-493e-b963-72edbaba7aa6/ HTTP/1.1" 200 2667
[30/Apr/2026 09:11:45] "OPTIONS /api/map-detail/e883a764-a0ce-4523-a1eb-d1c857523b42/ HTTP/1.1" 200 0
[30/Apr/2026 09:11:46] "GET /api/map-detail/e883a764-a0ce-4523-a1eb-d1c857523b42/ HTTP/1.1" 200 1837
[30/Apr/2026 09:12:23] "OPTIONS /api/map-detail/9cf8366b-1ee9-476f-9ad4-dbb0f8260e82/ HTTP/1.1" 200 0
[30/Apr/2026 09:12:24] "GET /api/map-detail/9cf8366b-1ee9-476f-9ad4-dbb0f8260e82/ HTTP/1.1" 200 2736
[30/Apr/2026 09:14:31] "GET /api/statistics/ HTTP/1.1" 200 2721
[30/Apr/2026 09:14:31] "GET /api/statistics/ HTTP/1.1" 200 2721
[30/Apr/2026 09:15:44] "GET /api/map-data/?min_lat=-9.294499089753202&max_lat=4.728919739713471&min_lng=101.71272413793103&max_lng=133.28727586206895&zoom=1 HTTP/1.1" 200 5329
[30/Apr/2026 09:15:47] "GET /api/statistics/ HTTP/1.1" 200 2721
[30/Apr/2026 09:15:47] "GET /api/statistics/ HTTP/1.1" 200 2721
[30/Apr/2026 09:17:09] "OPTIONS /api/login HTTP/1.1" 200 0
Bad Request: /api/login
[30/Apr/2026 09:17:13] "POST /api/login HTTP/1.1" 400 41
[30/Apr/2026 09:17:28] "POST /api/login HTTP/1.1" 200 834
[30/Apr/2026 09:17:28] "GET /api/statistics/ HTTP/1.1" 200 2721
[30/Apr/2026 09:17:28] "GET /api/statistics/ HTTP/1.1" 200 2721
[30/Apr/2026 09:17:55] "OPTIONS /admin-feature/users HTTP/1.1" 200 0
[30/Apr/2026 09:17:55] "OPTIONS /admin-feature/users HTTP/1.1" 200 0
[30/Apr/2026 09:17:55] "GET /admin-feature/users HTTP/1.1" 200 1991
[30/Apr/2026 09:17:58] "GET /admin-feature/users HTTP/1.1" 200 1991
[30/Apr/2026 09:19:12] "OPTIONS /admin-feature/api/admin/user-logs/all HTTP/1.1" 200 0
[30/Apr/2026 09:19:12] "OPTIONS /admin-feature/api/admin/user-logs/all HTTP/1.1" 200 0
[30/Apr/2026 09:19:14] "GET /admin-feature/api/admin/user-logs/all HTTP/1.1" 200 160385
[30/Apr/2026 09:19:14] "GET /admin-feature/api/admin/user-logs/all HTTP/1.1" 200 160385
[30/Apr/2026 09:19:48] "GET /api/statistics/ HTTP/1.1" 200 2721
[30/Apr/2026 09:19:48] "GET /api/statistics/ HTTP/1.1" 200 2721
[30/Apr/2026 09:20:14] "GET /api/statistics/ HTTP/1.1" 200 2721
[30/Apr/2026 09:20:14] "GET /api/statistics/ HTTP/1.1" 200 2721
[30/Apr/2026 09:21:50] "OPTIONS /api/diseases/ HTTP/1.1" 200 0
[30/Apr/2026 09:21:51] "GET /api/diseases/ HTTP/1.1" 200 3246
[30/Apr/2026 09:21:51] "OPTIONS /cases/locations/ HTTP/1.1" 200 0
[30/Apr/2026 09:21:53] "GET /cases/locations/ HTTP/1.1" 200 345120
[30/Apr/2026 10:00:34] "GET /api/statistics/ HTTP/1.1" 200 2721
[30/Apr/2026 10:00:45] "GET /api/map-data/?min_lat=-87.762707867907&max_lat=67.92701364017225&min_lng=-179.81269510926117&max_lng=176.44120707596258&zoom=1 HTTP/1.1" 200 7417
[30/Apr/2026 10:00:47] "GET /api/province-humidity/ HTTP/1.1" 200 2
[30/Apr/2026 10:00:47] "GET /api/province-temperature/ HTTP/1.1" 200 2
[30/Apr/2026 10:00:47] "GET /api/province-precipitation/ HTTP/1.1" 200 2
[30/Apr/2026 10:00:47] "GET /api/province-weighted-severity/ HTTP/1.1" 200 2449
[30/Apr/2026 10:00:48] "GET /api/map-data/?min_lat=-9.294499089753202&max_lat=4.728919739713471&min_lng=101.71272413793103&max_lng=133.28727586206895&zoom=1 HTTP/1.1" 200 5329
[30/Apr/2026 10:00:52] "OPTIONS /api/map-data/?min_lat=-14.153430257862018&max_lat=6.0901472080045345&min_lng=94.72734998557209&max_lng=140.5104499855721&zoom=1 HTTP/1.1" 200 0
[30/Apr/2026 10:00:52] "GET /api/map-data/?min_lat=-14.153430257862018&max_lat=6.0901472080045345&min_lng=94.72734998557209&max_lng=140.5104499855721&zoom=1 HTTP/1.1" 200 7405
[30/Apr/2026 10:01:07] "GET /api/statistics/ HTTP/1.1" 200 2721
[30/Apr/2026 10:01:07] "OPTIONS /api/token/refresh HTTP/1.1" 200 0
[30/Apr/2026 10:01:07] "GET /api/statistics/ HTTP/1.1" 200 2721
[30/Apr/2026 10:01:07] "GET /api/filters/ HTTP/1.1" 200 28909
[30/Apr/2026 10:01:07] "POST /api/token/refresh HTTP/1.1" 200 701
[30/Apr/2026 10:01:08] "GET /expert-feature/experts/batches/ HTTP/1.1" 200 2
[02/May/2026 15:25:40] "OPTIONS /api/map-data/?min_lat=-9.294499089753202&max_lat=4.728919739713471&min_lng=101.71272413793103&max_lng=133.28727586206895&zoom=1 HTTP/1.1" 200 0
[02/May/2026 15:25:42] "GET /api/map-data/?min_lat=-9.294499089753202&max_lat=4.728919739713471&min_lng=101.71272413793103&max_lng=133.28727586206895&zoom=1 HTTP/1.1" 200 5329
[02/May/2026 15:25:49] "OPTIONS /api/map-data/?min_lat=-3.545260316586821&max_lat=-0.1980920355117966&min_lng=112.54636707621763&max_lng=120.0629335529642&zoom=6 HTTP/1.1" 200 0
[02/May/2026 15:25:49] "GET /api/map-data/?min_lat=-3.545260316586821&max_lat=-0.1980920355117966&min_lng=112.54636707621763&max_lng=120.0629335529642&zoom=6 HTTP/1.1" 200 4613
[02/May/2026 15:25:52] "OPTIONS /api/map-data/?min_lat=-3.062221337149487&max_lat=-0.6104005799993404&min_lng=113.45199783842789&max_lng=118.95745395821048&zoom=8 HTTP/1.1" 200 0
[02/May/2026 15:25:52] "GET /api/map-data/?min_lat=-3.062221337149487&max_lat=-0.6104005799993404&min_lng=113.45199783842789&max_lng=118.95745395821048&zoom=8 HTTP/1.1" 200 21843
[02/May/2026 15:25:54] "OPTIONS /api/map-detail/d07d6523-0969-4485-b660-275d1800dfe0/ HTTP/1.1" 200 0
[02/May/2026 15:25:54] "GET /api/map-detail/d07d6523-0969-4485-b660-275d1800dfe0/ HTTP/1.1" 200 1666
[02/May/2026 15:26:00] "OPTIONS /api/statistics/ HTTP/1.1" 200 0
[02/May/2026 15:26:00] "OPTIONS /api/statistics/ HTTP/1.1" 200 0
[02/May/2026 15:26:00] "GET /api/statistics/ HTTP/1.1" 200 2721
[02/May/2026 15:26:00] "GET /api/statistics/ HTTP/1.1" 200 2721
[02/May/2026 15:26:20] "OPTIONS /api/filters/ HTTP/1.1" 200 0
[02/May/2026 15:26:20] "OPTIONS /expert-feature/experts/batches/ HTTP/1.1" 200 0
[02/May/2026 15:26:20] "GET /api/statistics/ HTTP/1.1" 200 2721
[02/May/2026 15:26:20] "GET /expert-feature/experts/batches/ HTTP/1.1" 200 2
[02/May/2026 15:26:21] "GET /api/filters/ HTTP/1.1" 200 28909
[02/May/2026 15:26:42] "GET /api/statistics/ HTTP/1.1" 200 2721
[02/May/2026 15:26:42] "GET /api/filters/ HTTP/1.1" 200 28909
[02/May/2026 15:26:42] "GET /expert-feature/experts/batches/ HTTP/1.1" 200 2
[02/May/2026 15:26:58] "OPTIONS /api/login HTTP/1.1" 200 0
[02/May/2026 15:27:00] "POST /api/login HTTP/1.1" 200 834
[02/May/2026 15:27:04] "GET /api/statistics/ HTTP/1.1" 200 2721
[02/May/2026 15:27:04] "GET /api/statistics/ HTTP/1.1" 200 2721
[02/May/2026 15:27:22] "OPTIONS /api/map-data/?min_lat=-9.329201063028238&max_lat=4.776656840670173&min_lng=101.62759189078889&max_lng=133.3885573036999&zoom=1 HTTP/1.1" 200 0
[02/May/2026 15:27:22] "OPTIONS /api/province-humidity/ HTTP/1.1" 200 0
[02/May/2026 15:27:22] "OPTIONS /api/province-temperature/ HTTP/1.1" 200 0
[02/May/2026 15:27:22] "OPTIONS /api/province-weighted-severity/ HTTP/1.1" 200 0
[02/May/2026 15:27:22] "OPTIONS /api/province-precipitation/ HTTP/1.1" 200 0
[02/May/2026 15:27:22] "GET /api/province-humidity/ HTTP/1.1" 200 2
[02/May/2026 15:27:22] "GET /api/map-data/?min_lat=-9.294499089753202&max_lat=4.728919739713471&min_lng=101.71272413793103&max_lng=133.28727586206895&zoom=1 HTTP/1.1" 200 5329
[02/May/2026 15:27:22] "GET /api/map-data/?min_lat=-9.329201063028238&max_lat=4.776656840670173&min_lng=101.62759189078889&max_lng=133.3885573036999&zoom=1 HTTP/1.1" 200 5328
[02/May/2026 15:27:23] "GET /api/province-precipitation/ HTTP/1.1" 200 2
[02/May/2026 15:27:23] "GET /api/province-temperature/ HTTP/1.1" 200 2
[02/May/2026 15:27:23] "GET /api/province-weighted-severity/ HTTP/1.1" 200 2449
[02/May/2026 15:27:23] "GET /api/province-humidity/ HTTP/1.1" 200 2
[02/May/2026 15:27:23] "GET /api/province-temperature/ HTTP/1.1" 200 2
[02/May/2026 15:27:24] "GET /api/province-precipitation/ HTTP/1.1" 200 2
[02/May/2026 15:27:24] "GET /api/province-weighted-severity/ HTTP/1.1" 200 2449
[02/May/2026 15:27:25] "OPTIONS /api/map-data/?min_lat=-8.353605241563708&max_lat=1.1542552890891873&min_lng=106.84063759698947&max_lng=128.24447299984135&zoom=2 HTTP/1.1" 200 0
[02/May/2026 15:27:26] "GET /api/map-data/?min_lat=-8.353605241563708&max_lat=1.1542552890891873&min_lng=106.84063759698947&max_lng=128.24447299984135&zoom=2 HTTP/1.1" 200 3959
[02/May/2026 15:27:26] "OPTIONS /api/map-data/?min_lat=-8.277340666278723&max_lat=0.8645162133047947&min_lng=107.25572246462713&max_lng=127.83627750760012&zoom=2 HTTP/1.1" 200 0
[02/May/2026 15:27:26] "GET /api/map-data/?min_lat=-8.277340666278723&max_lat=0.8645162133047947&min_lng=107.25572246462713&max_lng=127.83627750760012&zoom=2 HTTP/1.1" 200 3917
[02/May/2026 15:27:47] "OPTIONS /api/map-data/?min_lat=-6.082483938404135&max_lat=0.2338804236032536&min_lng=109.61488774322305&max_lng=123.8153522449295&zoom=3 HTTP/1.1" 200 0
[02/May/2026 15:27:48] "GET /api/map-data/?min_lat=-6.082483938404135&max_lat=0.2338804236032536&min_lng=109.61488774322305&max_lng=123.8153522449295&zoom=3 HTTP/1.1" 200 3490
[02/May/2026 15:27:50] "OPTIONS /api/map-data/?min_lat=-3.0860970583816876&max_lat=-1.309229362043137&min_lng=113.48629839346357&max_lng=117.47691853205298&zoom=11 HTTP/1.1" 200 0
[02/May/2026 15:27:50] "GET /api/map-data/?min_lat=-3.0860970583816876&max_lat=-1.309229362043137&min_lng=113.48629839346357&max_lng=117.47691853205298&zoom=11 HTTP/1.1" 200 14026
[02/May/2026 15:27:52] "GET /api/map-detail/d07d6523-0969-4485-b660-275d1800dfe0/ HTTP/1.1" 200 1666
[02/May/2026 15:28:00] "OPTIONS /api/map-data/?min_lat=-12.63410769258556&max_lat=2.049454153230248&min_lng=96.81227917938409&max_lng=129.99770219097724&zoom=1 HTTP/1.1" 200 0
[02/May/2026 15:28:00] "GET /api/map-data/?min_lat=-12.63410769258556&max_lat=2.049454153230248&min_lng=96.81227917938409&max_lng=129.99770219097724&zoom=1 HTTP/1.1" 200 5835
[02/May/2026 15:28:02] "OPTIONS /api/map-data/?min_lat=-12.498582801904513&max_lat=2.188210328397105&min_lng=102.4531068356373&max_lng=135.63852984723044&zoom=1 HTTP/1.1" 200 0
[02/May/2026 15:28:02] "GET /api/map-data/?min_lat=-12.498582801904513&max_lat=2.188210328397105&min_lng=102.4531068356373&max_lng=135.63852984723044&zoom=1 HTTP/1.1" 200 6056
[02/May/2026 15:28:06] "OPTIONS /api/map-data/?min_lat=-15.610814940653496&max_lat=4.58872041416123&min_lng=96.57594790589937&max_lng=142.3590479058994&zoom=1 HTTP/1.1" 200 0
[02/May/2026 15:28:06] "GET /api/map-data/?min_lat=-15.610814940653496&max_lat=4.58872041416123&min_lng=96.57594790589937&max_lng=142.3590479058994&zoom=1 HTTP/1.1" 200 7189
[02/May/2026 15:28:39] "OPTIONS /admin-feature/api/admin/user-logs/all HTTP/1.1" 200 0
[02/May/2026 15:28:39] "OPTIONS /admin-feature/api/admin/user-logs/all HTTP/1.1" 200 0
[02/May/2026 15:28:40] "GET /admin-feature/api/admin/user-logs/all HTTP/1.1" 200 160385
[02/May/2026 15:28:40] "GET /admin-feature/api/admin/user-logs/all HTTP/1.1" 200 160385
[02/May/2026 15:29:09] "OPTIONS /admin-feature/api/admin/user-logs/all HTTP/1.1" 200 0
[02/May/2026 15:29:09] "GET /admin-feature/api/admin/user-logs/all HTTP/1.1" 200 160385
[02/May/2026 15:59:00] "GET /api/filters/ HTTP/1.1" 200 28909
[02/May/2026 15:59:00,423] - Broken pipe from ('127.0.0.1', 63797)
[02/May/2026 15:59:23] "GET /api/filters/ HTTP/1.1" 200 28909
[02/May/2026 15:59:23,569] - Broken pipe from ('127.0.0.1', 63904)
