Watching for file changes with StatReloader
[24/Apr/2026 07:36:29] "GET / HTTP/1.1" 200 93
[24/Apr/2026 07:36:29,715] - Broken pipe from ('127.0.0.1', 62494)
[24/Apr/2026 07:36:47,949] - Broken pipe from ('127.0.0.1', 52771)
[24/Apr/2026 07:36:48,322] - Broken pipe from ('127.0.0.1', 52773)
[24/Apr/2026 07:37:23] "GET /api/filters/ HTTP/1.1" 200 25665
[24/Apr/2026 07:37:23,390] - Broken pipe from ('127.0.0.1', 52800)
[24/Apr/2026 07:37:35] "GET /api/statistics/ HTTP/1.1" 200 2555
[24/Apr/2026 07:37:35,678] - Broken pipe from ('127.0.0.1', 52802)
[24/Apr/2026 07:37:54] "GET /api/filters/ HTTP/1.1" 200 25665
[24/Apr/2026 07:37:54,572] - Broken pipe from ('127.0.0.1', 62402)
[24/Apr/2026 07:38:00] "GET /api/statistics/ HTTP/1.1" 200 2555
[24/Apr/2026 07:38:00,579] - Broken pipe from ('127.0.0.1', 62401)
[24/Apr/2026 07:39:01] "OPTIONS /cases/locations/ HTTP/1.1" 200 0
[24/Apr/2026 07:39:53] "POST /cases/locations/ HTTP/1.1" 200 345120
[24/Apr/2026 07:39:53,738] - Broken pipe from ('127.0.0.1', 62469)
[24/Apr/2026 07:40:12] "OPTIONS /cases/locations/ HTTP/1.1" 200 0
[24/Apr/2026 07:40:12,999] - Broken pipe from ('127.0.0.1', 62475)
E:\pantautular-fe-Django\backend\config\settings.py changed, reloading.
Watching for file changes with StatReloader
[24/Apr/2026 07:40:47] "OPTIONS /cases/locations/ HTTP/1.1" 200 0
[24/Apr/2026 07:40:47,718] - Broken pipe from ('127.0.0.1', 59136)
[24/Apr/2026 07:41:37] "OPTIONS /cases/locations/ HTTP/1.1" 200 0
[24/Apr/2026 07:41:41] "POST /cases/locations/ HTTP/1.1" 200 345120
[24/Apr/2026 07:41:41] "OPTIONS /api/province-humidity/ HTTP/1.1" 200 0
[24/Apr/2026 07:41:41] "OPTIONS /api/province-temperature/ HTTP/1.1" 200 0
[24/Apr/2026 07:41:41] "OPTIONS /api/province-weighted-severity/ HTTP/1.1" 200 0
[24/Apr/2026 07:41:41] "OPTIONS /api/province-precipitation/ HTTP/1.1" 200 0
[24/Apr/2026 07:41:41] "GET /api/province-humidity/ HTTP/1.1" 200 2
[24/Apr/2026 07:41:41] "GET /api/province-weighted-severity/ HTTP/1.1" 200 2449
[24/Apr/2026 07:41:42] "GET /api/province-temperature/ HTTP/1.1" 200 2
[24/Apr/2026 07:41:43] "GET /api/province-precipitation/ HTTP/1.1" 200 2
[24/Apr/2026 07:41:46] "OPTIONS /cases/626e58ac-cf82-4860-8781-807a1c51fa4f/ HTTP/1.1" 200 0
[24/Apr/2026 07:41:47] "OPTIONS /cases/3a61ccbd-f25f-44e1-9734-87a82d91013c/ HTTP/1.1" 200 0
[24/Apr/2026 07:41:47] "GET /cases/626e58ac-cf82-4860-8781-807a1c51fa4f/ HTTP/1.1" 200 1081
[24/Apr/2026 07:41:48] "GET /cases/3a61ccbd-f25f-44e1-9734-87a82d91013c/ HTTP/1.1" 200 1118
[24/Apr/2026 07:41:59] "OPTIONS /cases/31e1e72f-4dbe-472c-b497-cc7f2fc87086/ HTTP/1.1" 200 0
[24/Apr/2026 07:41:59] "GET /cases/31e1e72f-4dbe-472c-b497-cc7f2fc87086/ HTTP/1.1" 200 2235
[24/Apr/2026 07:43:05] "OPTIONS /api/filters/ HTTP/1.1" 200 0
[24/Apr/2026 07:43:05] "OPTIONS /expert-feature/experts/batches/ HTTP/1.1" 200 0
[24/Apr/2026 07:43:05] "OPTIONS /api/statistics/ HTTP/1.1" 200 0
[24/Apr/2026 07:43:05] "OPTIONS /expert-feature/experts/batches/ HTTP/1.1" 200 0
Not Found: /expert-feature/experts/batches/
[24/Apr/2026 07:43:05] "GET /expert-feature/experts/batches/ HTTP/1.1" 404 10061
Not Found: /expert-feature/experts/batches/
[24/Apr/2026 07:43:05] "GET /expert-feature/experts/batches/ HTTP/1.1" 404 10061
[24/Apr/2026 07:43:08] "GET /api/filters/ HTTP/1.1" 200 25665
[24/Apr/2026 07:43:14] "GET /api/statistics/ HTTP/1.1" 200 2555
[24/Apr/2026 07:43:23] "GET /api/statistics/ HTTP/1.1" 200 2555
[24/Apr/2026 07:43:42] "POST /api/statistics/ HTTP/1.1" 200 520
[24/Apr/2026 07:43:51] "POST /api/statistics/ HTTP/1.1" 200 520
[24/Apr/2026 07:43:56] "POST /api/statistics/ HTTP/1.1" 200 520
[24/Apr/2026 07:43:58] "POST /api/statistics/ HTTP/1.1" 200 520
[24/Apr/2026 07:43:58] "POST /api/statistics/ HTTP/1.1" 200 520
[24/Apr/2026 07:43:58] "POST /api/statistics/ HTTP/1.1" 200 520
[24/Apr/2026 07:43:58] "POST /api/statistics/ HTTP/1.1" 200 520
[24/Apr/2026 07:43:59] "POST /api/statistics/ HTTP/1.1" 200 520
[24/Apr/2026 07:43:59] "POST /api/statistics/ HTTP/1.1" 200 520
[24/Apr/2026 07:43:59] "POST /api/statistics/ HTTP/1.1" 200 520
[24/Apr/2026 07:43:59] "POST /api/statistics/ HTTP/1.1" 200 520
[24/Apr/2026 07:43:59] "POST /api/statistics/ HTTP/1.1" 200 520
[24/Apr/2026 07:44:06] "POST /api/statistics/ HTTP/1.1" 200 520
[24/Apr/2026 07:44:11] "POST /api/statistics/ HTTP/1.1" 200 520
[24/Apr/2026 07:44:18] "POST /api/statistics/ HTTP/1.1" 200 520
Not Found: /expert-feature/experts/batches/
[24/Apr/2026 07:48:01] "GET /expert-feature/experts/batches/ HTTP/1.1" 404 10061
[24/Apr/2026 07:48:02] "GET /api/filters/ HTTP/1.1" 200 25665
[24/Apr/2026 07:48:10] "GET /api/statistics/ HTTP/1.1" 200 2555
[24/Apr/2026 07:48:16] "POST /api/statistics/ HTTP/1.1" 200 520
[24/Apr/2026 07:48:40] "POST /api/statistics/ HTTP/1.1" 200 520
[24/Apr/2026 07:48:54] "POST /api/statistics/ HTTP/1.1" 200 520
[24/Apr/2026 07:57:54] "POST /cases/locations/ HTTP/1.1" 200 345120
[24/Apr/2026 07:57:54] "GET /api/province-humidity/ HTTP/1.1" 200 2
[24/Apr/2026 07:57:54] "GET /api/province-weighted-severity/ HTTP/1.1" 200 2449
[24/Apr/2026 07:57:55] "GET /api/province-temperature/ HTTP/1.1" 200 2
[24/Apr/2026 07:57:56] "GET /api/province-precipitation/ HTTP/1.1" 200 2
Not Found: /expert-feature/experts/batches/
[24/Apr/2026 07:58:01] "GET /expert-feature/experts/batches/ HTTP/1.1" 404 10061
Not Found: /expert-feature/experts/batches/
[24/Apr/2026 07:58:01] "GET /expert-feature/experts/batches/ HTTP/1.1" 404 10061
[24/Apr/2026 07:58:06] "GET /api/filters/ HTTP/1.1" 200 25665
[24/Apr/2026 07:58:34] "POST /cases/locations/ HTTP/1.1" 200 2
[24/Apr/2026 08:00:26] "GET /api/statistics/ HTTP/1.1" 200 2555
[24/Apr/2026 08:00:36,645] - Broken pipe from ('127.0.0.1', 60748)
Not Found: /expert-feature/experts/batches/
[24/Apr/2026 08:00:40] "GET /expert-feature/experts/batches/ HTTP/1.1" 404 10061
[24/Apr/2026 08:00:41] "GET /api/filters/ HTTP/1.1" 200 25665
[24/Apr/2026 08:00:50] "GET /api/statistics/ HTTP/1.1" 200 2555
[24/Apr/2026 08:01:02] "POST /api/statistics/ HTTP/1.1" 200 520
[24/Apr/2026 08:01:04] "POST /api/statistics/ HTTP/1.1" 200 520
[24/Apr/2026 08:01:04] "POST /api/statistics/ HTTP/1.1" 200 520
[24/Apr/2026 08:01:04] "POST /api/statistics/ HTTP/1.1" 200 520
[24/Apr/2026 08:01:05] "POST /api/statistics/ HTTP/1.1" 200 520
[24/Apr/2026 08:01:13] "POST /api/statistics/ HTTP/1.1" 200 520
[24/Apr/2026 08:01:17] "POST /api/statistics/ HTTP/1.1" 200 1379
[24/Apr/2026 08:01:33] "POST /api/statistics/ HTTP/1.1" 200 1728
[24/Apr/2026 08:01:47] "POST /api/statistics/ HTTP/1.1" 200 1857
[24/Apr/2026 08:01:53] "POST /api/statistics/ HTTP/1.1" 200 520
[24/Apr/2026 08:01:58] "POST /api/statistics/ HTTP/1.1" 200 520
[24/Apr/2026 08:02:10] "POST /api/statistics/ HTTP/1.1" 200 1857
[24/Apr/2026 08:04:07,284] - Broken pipe from ('127.0.0.1', 51140)
[24/Apr/2026 08:04:12,526] - Broken pipe from ('127.0.0.1', 61421)
[24/Apr/2026 08:20:55] "OPTIONS /cases/locations/ HTTP/1.1" 200 0
[24/Apr/2026 08:21:01] "POST /cases/locations/ HTTP/1.1" 200 345120
[24/Apr/2026 08:21:01] "OPTIONS /api/province-humidity/ HTTP/1.1" 200 0
[24/Apr/2026 08:21:01] "OPTIONS /api/province-temperature/ HTTP/1.1" 200 0
[24/Apr/2026 08:21:01] "OPTIONS /api/province-precipitation/ HTTP/1.1" 200 0
[24/Apr/2026 08:21:01] "OPTIONS /api/province-weighted-severity/ HTTP/1.1" 200 0
[24/Apr/2026 08:21:01] "GET /api/province-humidity/ HTTP/1.1" 200 2
[24/Apr/2026 08:21:04] "GET /api/province-temperature/ HTTP/1.1" 200 2
[24/Apr/2026 08:21:07] "GET /api/province-precipitation/ HTTP/1.1" 200 2
[24/Apr/2026 08:21:07] "GET /api/province-weighted-severity/ HTTP/1.1" 200 2449
[24/Apr/2026 08:21:35] "OPTIONS /cases/3a61ccbd-f25f-44e1-9734-87a82d91013c/ HTTP/1.1" 200 0
[24/Apr/2026 08:21:36] "GET /cases/3a61ccbd-f25f-44e1-9734-87a82d91013c/ HTTP/1.1" 200 1118
[24/Apr/2026 08:22:23] "OPTIONS /expert-feature/experts/batches/ HTTP/1.1" 200 0
[24/Apr/2026 08:22:23] "OPTIONS /api/filters/ HTTP/1.1" 200 0
[24/Apr/2026 08:22:23] "OPTIONS /api/statistics/ HTTP/1.1" 200 0
[24/Apr/2026 08:22:23] "OPTIONS /expert-feature/experts/batches/ HTTP/1.1" 200 0
Not Found: /expert-feature/experts/batches/
[24/Apr/2026 08:22:23] "GET /expert-feature/experts/batches/ HTTP/1.1" 404 10061
[24/Apr/2026 08:22:23] "OPTIONS /api/statistics/ HTTP/1.1" 200 0
Not Found: /expert-feature/experts/batches/
[24/Apr/2026 08:22:23] "GET /expert-feature/experts/batches/ HTTP/1.1" 404 10061
[24/Apr/2026 08:22:26] "GET /api/filters/ HTTP/1.1" 200 25665
[24/Apr/2026 08:22:36] "GET /api/statistics/ HTTP/1.1" 200 2555
Not Found: /expert-feature/experts/batches/
[24/Apr/2026 08:22:51] "GET /expert-feature/experts/batches/ HTTP/1.1" 404 10061
[24/Apr/2026 08:22:53] "GET /api/filters/ HTTP/1.1" 200 25665
[24/Apr/2026 08:22:56,690] - Broken pipe from ('127.0.0.1', 56638)
[24/Apr/2026 08:23:10] "GET /api/statistics/ HTTP/1.1" 200 2555
