[23/Apr/2026 14:35:30] "GET /api/statistics/ HTTP/1.1" 200 2555
[23/Apr/2026 14:36:18] "GET /api/statistics/ HTTP/1.1" 200 2555
[23/Apr/2026 14:36:18] "OPTIONS /api/diseases/severity-stats/ HTTP/1.1" 200 0
[23/Apr/2026 14:36:18] "OPTIONS /api/locations/province/severity-stats/ HTTP/1.1" 200 0
[23/Apr/2026 14:36:18] "OPTIONS /api/locations/city/severity-stats/ HTTP/1.1" 200 0
[23/Apr/2026 14:36:18] "OPTIONS /api/diseases/severity-stats/ HTTP/1.1" 200 0
[23/Apr/2026 14:36:18] "OPTIONS /api/locations/province/severity-stats/ HTTP/1.1" 200 0
[23/Apr/2026 14:36:18] "OPTIONS /api/locations/city/severity-stats/ HTTP/1.1" 200 0
[23/Apr/2026 14:36:18] "GET /admin/ HTTP/1.1" 302 0
[23/Apr/2026 14:36:18] "GET /api/filters/ HTTP/1.1" 200 25665
[23/Apr/2026 14:36:18] "OPTIONS /api/diseases/severity-stats/ HTTP/1.1" 200 0
[23/Apr/2026 14:36:18] "OPTIONS /api/locations/province/severity-stats/ HTTP/1.1" 200 0
[23/Apr/2026 14:36:18] "GET /api/diseases/severity-stats/ HTTP/1.1" 200 3123
[23/Apr/2026 14:36:18] "OPTIONS /api/locations/city/severity-stats/ HTTP/1.1" 200 0
[23/Apr/2026 14:36:27] "GET /api/locations/province/severity-stats/ HTTP/1.1" 200 4110
[23/Apr/2026 14:36:27] "OPTIONS /api/diseases/severity-stats/ HTTP/1.1" 200 0
[23/Apr/2026 14:36:37] "GET /api/locations/city/severity-stats/ HTTP/1.1" 200 48422
[23/Apr/2026 14:36:37] "OPTIONS /api/locations/province/severity-stats/ HTTP/1.1" 200 0
[23/Apr/2026 14:36:37] "OPTIONS /api/locations/city/severity-stats/ HTTP/1.1" 200 0
[23/Apr/2026 14:36:37] "GET /api/diseases/severity-stats/ HTTP/1.1" 200 3123
[23/Apr/2026 14:36:45] "GET /api/locations/province/severity-stats/ HTTP/1.1" 200 4110
[23/Apr/2026 14:36:52] "GET /api/locations/city/severity-stats/ HTTP/1.1" 200 48422
[23/Apr/2026 14:36:53] "GET /api/diseases/severity-stats/ HTTP/1.1" 200 3123
[23/Apr/2026 14:37:00] "GET /api/locations/province/severity-stats/ HTTP/1.1" 200 4110
[23/Apr/2026 14:37:07] "GET /api/locations/city/severity-stats/ HTTP/1.1" 200 48422
[23/Apr/2026 14:37:20] "GET /api/locations/province/severity-stats/ HTTP/1.1" 200 4110
[23/Apr/2026 14:37:20] "GET /api/diseases/severity-stats/ HTTP/1.1" 200 3123
[23/Apr/2026 14:37:35] "GET /api/locations/city/severity-stats/ HTTP/1.1" 200 48422
[23/Apr/2026 14:38:02] "GET /api/statistics/ HTTP/1.1" 200 15288
[23/Apr/2026 14:38:03] "GET /static/rest_framework/css/bootstrap.min.css HTTP/1.1" 200 121457
[23/Apr/2026 14:38:03] "GET /static/rest_framework/css/bootstrap-tweaks.css HTTP/1.1" 200 3426
[23/Apr/2026 14:38:03] "GET /static/rest_framework/css/prettify.css HTTP/1.1" 200 817
[23/Apr/2026 14:38:03] "GET /static/rest_framework/css/default.css HTTP/1.1" 200 1152
[23/Apr/2026 14:38:03] "GET /static/rest_framework/js/jquery-3.7.1.min.js HTTP/1.1" 200 87533
[23/Apr/2026 14:38:03] "GET /static/rest_framework/js/ajax-form.js HTTP/1.1" 200 3796
[23/Apr/2026 14:38:03] "GET /static/rest_framework/js/csrf.js HTTP/1.1" 200 1793
[23/Apr/2026 14:38:03] "GET /static/rest_framework/js/bootstrap.min.js HTTP/1.1" 200 39680
[23/Apr/2026 14:38:03] "GET /static/rest_framework/js/prettify-min.js HTTP/1.1" 200 13632
[23/Apr/2026 14:38:03] "GET /static/rest_framework/js/default.js HTTP/1.1" 200 1268
[23/Apr/2026 14:38:03] "GET /static/rest_framework/js/load-ajax-form.js HTTP/1.1" 200 59
[23/Apr/2026 14:38:03] "GET /static/rest_framework/img/grid.png HTTP/1.1" 200 1458
Not Found: /favicon.ico
[23/Apr/2026 14:38:03] "GET /favicon.ico HTTP/1.1" 404 10001
[23/Apr/2026 14:39:00] "GET /cases/locations/ HTTP/1.1" 200 645645
[23/Apr/2026 14:39:23] "GET /api/filters/ HTTP/1.1" 200 99627
[23/Apr/2026 14:40:23] "OPTIONS /cases/locations/ HTTP/1.1" 200 0
Not Found: /api/api/filters/
[23/Apr/2026 14:41:09] "GET /api/api/filters/ HTTP/1.1" 404 12721
Not Found: /api/api/filters/
Not Found: /api/api/filters/
[23/Apr/2026 14:41:50] "GET /api/api/filters/ HTTP/1.1" 404 12721
[23/Apr/2026 14:42:00] "GET /api/statistics/ HTTP/1.1" 200 2555
[23/Apr/2026 14:44:51] "GET /api/locations/province/severity-stats/ HTTP/1.1" 200 4110
[23/Apr/2026 14:45:07] "GET /api/locations/city/severity-stats/ HTTP/1.1" 200 48422
[23/Apr/2026 14:45:07] "GET /api/diseases/severity-stats/ HTTP/1.1" 200 3123
[23/Apr/2026 14:45:10] "GET /api/locations/province/severity-stats/ HTTP/1.1" 200 4110
[23/Apr/2026 14:45:10] "GET /api/diseases/severity-stats/ HTTP/1.1" 200 3123
[23/Apr/2026 14:45:13] "GET /api/locations/city/severity-stats/ HTTP/1.1" 200 48422
[23/Apr/2026 14:45:56] "GET /api/diseases/severity-stats/ HTTP/1.1" 200 3123
[23/Apr/2026 14:46:03] "GET /api/locations/province/severity-stats/ HTTP/1.1" 200 4110
[23/Apr/2026 14:46:12] "GET /api/locations/city/severity-stats/ HTTP/1.1" 200 48422
[23/Apr/2026 14:46:12] "GET /api/diseases/severity-stats/ HTTP/1.1" 200 3123
[23/Apr/2026 14:46:17] "GET /api/locations/province/severity-stats/ HTTP/1.1" 200 4110
[23/Apr/2026 14:46:24] "GET /api/locations/city/severity-stats/ HTTP/1.1" 200 48422
[23/Apr/2026 14:47:27] "POST /cases/locations/ HTTP/1.1" 200 345120
[23/Apr/2026 14:49:18] "POST /cases/locations/ HTTP/1.1" 200 345120
[23/Apr/2026 14:50:12] "OPTIONS /api/province-humidity/ HTTP/1.1" 200 0
[23/Apr/2026 14:50:12] "OPTIONS /api/province-temperature/ HTTP/1.1" 200 0
[23/Apr/2026 14:50:12] "OPTIONS /api/province-precipitation/ HTTP/1.1" 200 0
[23/Apr/2026 14:50:12] "OPTIONS /api/province-weighted-severity/ HTTP/1.1" 200 0
[23/Apr/2026 14:50:43] "GET /api/province-humidity/ HTTP/1.1" 200 2
[23/Apr/2026 14:50:43] "GET /api/province-temperature/ HTTP/1.1" 200 2
[23/Apr/2026 14:50:43] "GET /api/province-precipitation/ HTTP/1.1" 200 2
[23/Apr/2026 14:50:43] "GET /api/province-weighted-severity/ HTTP/1.1" 200 2449
[23/Apr/2026 14:51:54] "POST /cases/locations/ HTTP/1.1" 200 345120
[23/Apr/2026 14:51:54] "GET /api/province-humidity/ HTTP/1.1" 200 2
[23/Apr/2026 14:51:55] "GET /api/province-temperature/ HTTP/1.1" 200 2
[23/Apr/2026 14:51:55] "GET /api/province-precipitation/ HTTP/1.1" 200 2
[23/Apr/2026 14:51:55] "GET /api/province-weighted-severity/ HTTP/1.1" 200 2449
[23/Apr/2026 14:52:01] "OPTIONS /cases/d0cfa1fa-ee45-4029-a7d8-b10f8c930a0c/ HTTP/1.1" 200 0
[23/Apr/2026 14:52:14] "OPTIONS /cases/3a61ccbd-f25f-44e1-9734-87a82d91013c/ HTTP/1.1" 200 0
[23/Apr/2026 14:52:14] "GET /cases/d0cfa1fa-ee45-4029-a7d8-b10f8c930a0c/ HTTP/1.1" 200 1189
[23/Apr/2026 14:52:14] "GET /cases/3a61ccbd-f25f-44e1-9734-87a82d91013c/ HTTP/1.1" 200 1118
[23/Apr/2026 14:53:57] "OPTIONS /cases/fb916b31-a2e0-48b1-98eb-f50b9d0a79ad/ HTTP/1.1" 200 0
[23/Apr/2026 14:54:21] "OPTIONS /cases/6a0181be-cc33-4a9d-8964-763cf885554e/ HTTP/1.1" 200 0
[23/Apr/2026 14:54:21] "GET /cases/fb916b31-a2e0-48b1-98eb-f50b9d0a79ad/ HTTP/1.1" 200 2186
[23/Apr/2026 14:54:22] "GET /cases/6a0181be-cc33-4a9d-8964-763cf885554e/ HTTP/1.1" 200 1782
[23/Apr/2026 14:54:22] "GET /cases/fb916b31-a2e0-48b1-98eb-f50b9d0a79ad/ HTTP/1.1" 200 2186
[23/Apr/2026 14:54:47] "OPTIONS /api/filters/ HTTP/1.1" 200 0
[23/Apr/2026 14:54:47] "OPTIONS /api/filters/ HTTP/1.1" 200 0
[23/Apr/2026 14:54:48] "GET /api/filters/ HTTP/1.1" 200 25665
[23/Apr/2026 14:54:48] "GET /api/filters/ HTTP/1.1" 200 25665
[23/Apr/2026 14:54:49] "OPTIONS /expert-feature/experts/batches/ HTTP/1.1" 200 0
Not Found: /expert-feature/experts/batches/
[23/Apr/2026 14:55:50] "GET /expert-feature/experts/batches/ HTTP/1.1" 404 10061
[23/Apr/2026 14:55:52] "GET /api/filters/ HTTP/1.1" 200 25665
[23/Apr/2026 14:56:16] "GET /api/filters/ HTTP/1.1" 200 25665
Not Found: /expert-feature/experts/batches/
[23/Apr/2026 14:56:16] "GET /expert-feature/experts/batches/ HTTP/1.1" 404 10061
Not Found: /expert-feature/experts/batches/
[23/Apr/2026 14:56:16] "GET /expert-feature/experts/batches/ HTTP/1.1" 404 10061
[23/Apr/2026 14:56:17] "GET /api/filters/ HTTP/1.1" 200 25665
[23/Apr/2026 14:56:18] "GET /api/filters/ HTTP/1.1" 200 25665
Not Found: /expert-feature/experts/batches/
[23/Apr/2026 14:56:18] "GET /expert-feature/experts/batches/ HTTP/1.1" 404 10061
Not Found: /expert-feature/experts/batches/
[23/Apr/2026 14:56:18] "GET /expert-feature/experts/batches/ HTTP/1.1" 404 10061
[23/Apr/2026 14:56:20] "GET /api/filters/ HTTP/1.1" 200 25665
[23/Apr/2026 14:56:20] "GET /api/filters/ HTTP/1.1" 200 25665
Not Found: /expert-feature/experts/batches/
[23/Apr/2026 14:56:21] "GET /expert-feature/experts/batches/ HTTP/1.1" 404 10061
[23/Apr/2026 14:57:30] "GET /api/filters/ HTTP/1.1" 200 25665
[23/Apr/2026 14:57:31] "GET /api/filters/ HTTP/1.1" 200 25665
Not Found: /expert-feature/experts/batches/
[23/Apr/2026 14:57:40] "GET /expert-feature/experts/batches/ HTTP/1.1" 404 10061
[23/Apr/2026 14:57:45] "GET /cases/3a61ccbd-f25f-44e1-9734-87a82d91013c/ HTTP/1.1" 200 1118
[23/Apr/2026 14:58:51] "OPTIONS /cases/182a03f8-80fb-40eb-bfe2-dd0b4dd6c5fe/ HTTP/1.1" 200 0
[23/Apr/2026 14:58:51] "OPTIONS /cases/182a03f8-80fb-40eb-bfe2-dd0b4dd6c5fe/ HTTP/1.1" 200 0
[23/Apr/2026 14:58:51] "OPTIONS /cases/182a03f8-80fb-40eb-bfe2-dd0b4dd6c5fe/ HTTP/1.1" 200 0
[23/Apr/2026 14:58:51] "OPTIONS /cases/182a03f8-80fb-40eb-bfe2-dd0b4dd6c5fe/ HTTP/1.1" 200 0
[23/Apr/2026 14:58:51] "OPTIONS /cases/182a03f8-80fb-40eb-bfe2-dd0b4dd6c5fe/ HTTP/1.1" 200 0
[23/Apr/2026 14:58:51] "GET /cases/182a03f8-80fb-40eb-bfe2-dd0b4dd6c5fe/ HTTP/1.1" 200 1218
[23/Apr/2026 14:58:52] "GET /cases/182a03f8-80fb-40eb-bfe2-dd0b4dd6c5fe/ HTTP/1.1" 200 1218
[23/Apr/2026 14:58:52] "GET /cases/182a03f8-80fb-40eb-bfe2-dd0b4dd6c5fe/ HTTP/1.1" 200 1218
[23/Apr/2026 14:58:53] "GET /cases/182a03f8-80fb-40eb-bfe2-dd0b4dd6c5fe/ HTTP/1.1" 200 1218
[23/Apr/2026 14:58:53] "GET /cases/182a03f8-80fb-40eb-bfe2-dd0b4dd6c5fe/ HTTP/1.1" 200 1218
[23/Apr/2026 15:01:23] "GET /api/filters/ HTTP/1.1" 200 25665
[23/Apr/2026 15:01:43] "GET /api/statistics/ HTTP/1.1" 200 2555
Not Found: /expert-feature/experts/batches/
[23/Apr/2026 15:02:24] "GET /expert-feature/experts/batches/ HTTP/1.1" 404 10061
[23/Apr/2026 15:08:09] "GET /api/locations/province/severity-stats/ HTTP/1.1" 200 4110
[23/Apr/2026 15:08:09] "GET /api/diseases/severity-stats/ HTTP/1.1" 200 3123
[23/Apr/2026 15:08:19] "GET /api/locations/city/severity-stats/ HTTP/1.1" 200 48422
[23/Apr/2026 15:08:29] "GET /api/locations/province/severity-stats/ HTTP/1.1" 200 4110
[23/Apr/2026 15:08:30] "GET /api/diseases/severity-stats/ HTTP/1.1" 200 3123
[23/Apr/2026 15:08:37] "GET /api/locations/city/severity-stats/ HTTP/1.1" 200 48422
[23/Apr/2026 15:09:51] "GET /api/filters/ HTTP/1.1" 200 25665
Not Found: /expert-feature/experts/batches/
[23/Apr/2026 15:09:51] "GET /expert-feature/experts/batches/ HTTP/1.1" 404 10061
[23/Apr/2026 15:10:11] "GET /api/statistics/ HTTP/1.1" 200 2555
[23/Apr/2026 15:11:15] "POST /api/statistics/ HTTP/1.1" 200 520
[23/Apr/2026 15:11:23] "POST /api/statistics/ HTTP/1.1" 200 520
[23/Apr/2026 15:11:33] "POST /api/statistics/ HTTP/1.1" 200 520
